<?xml version="1.0" encoding="UTF-8"?>
<!-- Generated by org.testng.reporters.JUnitReportReporter -->
<testsuite hostname="Sulakhe-Family5" failures="0" tests="1" name="nativeApps1.apiDemos" time="9.288" errors="0" timestamp="2024-07-13T17:07:28 IST" skipped="0">
  <testcase classname="nativeApps1.apiDemos" name="sendMsg" time="9.288"/>
  <system-out/>
</testsuite> <!-- nativeApps1.apiDemos -->
