<?xml version="1.0" encoding="UTF-8"?>
<!-- Generated by org.testng.reporters.JUnitReportReporter -->
<testsuite hostname="Sulakhe-Family5" failures="0" tests="1" name="webApps.webTesting" time="25.369" errors="0" timestamp="2024-06-05T11:27:56 IST" skipped="0">
  <testcase classname="webApps.webTesting" name="testWeb" time="25.369"/>
  <system-out/>
</testsuite> <!-- webApps.webTesting -->
