<?xml version="1.0" encoding="UTF-8"?>
<!-- Generated by org.testng.reporters.JUnitReportReporter -->
<testsuite hostname="Sulakhe-Family5" failures="0" tests="1" name="hybridApps1.generalStore" time="32.946" errors="0" timestamp="2024-06-03T17:24:59 IST" skipped="0">
  <testcase classname="hybridApps1.generalStore" name="addCart" time="32.946"/>
  <system-out/>
</testsuite> <!-- hybridApps1.generalStore -->
